<?xml version="1.0" encoding="UTF-8"?>
<!-- Generated by org.testng.reporters.JUnitReportReporter -->
<testsuite skipped="0" hostname="HDC2-D-CL2MXJ2" name="Demo101.exceldemo2" tests="1" failures="0" timestamp="23 Oct 2019 09:17:30 GMT" time="2.241" errors="0">
  <testcase name="f" time="2.241" classname="Demo101.exceldemo2"/>
</testsuite> <!-- Demo101.exceldemo2 -->
