<?xml version="1.0" encoding="UTF-8"?>
<!-- Generated by org.testng.reporters.JUnitReportReporter -->
<testsuite skipped="0" hostname="HDC2-D-CL2MXJ2" name="Demo101.ExcelDemo" tests="1" failures="0" timestamp="23 Oct 2019 06:28:36 GMT" time="0.963" errors="0">
  <testcase name="f" time="0.963" classname="Demo101.ExcelDemo"/>
</testsuite> <!-- Demo101.ExcelDemo -->
