<?xml version="1.0" encoding="UTF-8"?>
<!-- Generated by org.testng.reporters.JUnitReportReporter -->
<testsuite skipped="0" hostname="HDC2-D-CL2MXJ2" name="Casestudypack.OnlineShoppingTest" tests="4" failures="0" timestamp="23 Oct 2019 12:18:19 GMT" time="67.896" errors="0">
  <testcase name="testRegistration" time="35.504" classname="Casestudypack.OnlineShoppingTest"/>
  <testcase name="testLogin" time="3.735" classname="Casestudypack.OnlineShoppingTest"/>
  <testcase name="testCart" time="11.072" classname="Casestudypack.OnlineShoppingTest"/>
  <testcase name="testPayment" time="17.585" classname="Casestudypack.OnlineShoppingTest"/>
</testsuite> <!-- Casestudypack.OnlineShoppingTest -->
