<?xml version="1.0" encoding="UTF-8"?>
<!-- Generated by org.testng.reporters.JUnitReportReporter -->
<testsuite skipped="0" hostname="HDC2-D-CL2MXJ2" name="Demo101.Handson101" tests="1" failures="0" timestamp="23 Oct 2019 07:57:24 GMT" time="67.469" errors="0">
  <testcase name="f" time="67.469" classname="Demo101.Handson101"/>
</testsuite> <!-- Demo101.Handson101 -->
