<?xml version="1.0" encoding="UTF-8"?>
<!-- Generated by org.testng.reporters.JUnitReportReporter -->
<testsuite skipped="0" hostname="HDC2-D-CL2MXJ2" name="Casestudypack.Casestudy1" tests="1" failures="0" timestamp="22 Oct 2019 09:12:38 GMT" time="34.250" errors="0">
  <testcase name="f" time="34.250" classname="Casestudypack.Casestudy1"/>
</testsuite> <!-- Casestudypack.Casestudy1 -->
